Build started 14/04/08 16:36:06.
     1>Project "d:\terrain\vc2010\layer1\layer1.vcxproj" on node 2 (build target(s)).
     1>InitializeBuildStatus:
         Touching "Debug\layer1.unsuccessfulbuild".
       ClCompile:
         C:\Program Files (x86)\Microsoft Visual Studio 10.0\VC\bin\CL.exe /c /I..\..\src\physics /I..\..\src /Zi /nologo /W3 /WX- /Od /Oy- /D WIN32 /D _DEBUG /D _CONSOLE /D _UNICODE /D UNICODE /Gm /EHsc /RTC1 /MDd /GS /fp:precise /Zc:wchar_t /Zc:forScope /Yc"examples.h" /Fp"Debug\layer1.pch" /Fo"Debug\\" /Fd"Debug\vc100.pdb" /Gd /TP /analyze- /errorReport:prompt ..\..\src\examples\layer1\main.cpp
         main.cpp
       ManifestResourceCompile:
         All outputs are up-to-date.
       Link:
         C:\Program Files (x86)\Microsoft Visual Studio 10.0\VC\bin\link.exe /ERRORREPORT:PROMPT /OUT:"D:\terrain\vc2010\layer1\Debug\layer1.exe" /INCREMENTAL /NOLOGO /LIBPATH:..\..\lib kernel32.lib user32.lib gdi32.lib winspool.lib comdlg32.lib advapi32.lib shell32.lib ole32.lib oleaut32.lib uuid.lib odbc32.lib odbccp32.lib kernel32.lib user32.lib gdi32.lib winspool.lib comdlg32.lib advapi32.lib shell32.lib ole32.lib oleaut32.lib uuid.lib odbc32.lib odbccp32.lib /MANIFEST /ManifestFile:"Debug\layer1.exe.intermediate.manifest" /MANIFESTUAC:"level='asInvoker' uiAccess='false'" /DEBUG /PDB:"D:\terrain\vc2010\layer1\Debug\layer1.pdb" /SUBSYSTEM:CONSOLE /TLBID:1 /DYNAMICBASE /NXCOMPAT /IMPLIB:"D:\terrain\vc2010\layer1\Debug\layer1.lib" /MACHINE:X86 Debug\layer1.exe.embed.manifest.res
         Debug\main.obj
       Manifest:
         C:\Program Files (x86)\Microsoft SDKs\Windows\v7.0A\bin\mt.exe /nologo /verbose /out:"Debug\layer1.exe.embed.manifest" /manifest Debug\layer1.exe.intermediate.manifest
         All outputs are up-to-date.
       LinkEmbedManifest:
         All outputs are up-to-date.
         layer1.vcxproj -> D:\terrain\vc2010\layer1\Debug\layer1.exe
       FinalizeBuildStatus:
         Deleting file "Debug\layer1.unsuccessfulbuild".
         Touching "Debug\layer1.lastbuildstate".
     1>Done Building Project "d:\terrain\vc2010\layer1\layer1.vcxproj" (build target(s)).

Build succeeded.

Time Elapsed 00:00:02.17
